this is error~!!  soungwon
this is error~!!  soungwon
this is error~!!  soungwon
Watching for file changes with StatReloader
TEST API START!!!!
user id = soungwon
version = 11
output_value1 = soungwon11
TEST API END!!!!!!!!!!!
"POST /todo/test HTTP/1.1" 200 0
Watching for file changes with StatReloader
C:\Users\KIMSW\Desktop\project\DjangoWeb\DjangoWeb\settings.py changed, reloading.
Watching for file changes with StatReloader
C:\Users\KIMSW\Desktop\project\DjangoWeb\DjangoWeb\settings.py changed, reloading.
%(levelname)s %(asctime) autoreload 13992 17768 Watching for file changes with StatReloader
%(levelname)s %(asctime) autoreload 10860 7460 Watching for file changes with StatReloader
%(levelname)s %(asctime) views 10860 13624 TEST API START!!!!
%(levelname)s %(asctime) views 10860 13624 user id = soungwon
%(levelname)s %(asctime) views 10860 13624 version = 11
%(levelname)s %(asctime) views 10860 13624 output_value1 = soungwon11
%(levelname)s %(asctime) views 10860 13624 TEST API END!!!!!!!!!!!
%(levelname)s %(asctime) basehttp 10860 13624 "POST /todo/test HTTP/1.1" 200 0
%(levelname)s %(asctime) views 10860 13624 TEST API START!!!!
%(levelname)s %(asctime) views 10860 13624 user id = soungwon
%(levelname)s %(asctime) views 10860 13624 version = 11
%(levelname)s %(asctime) views 10860 13624 output_value1 = soungwon11
%(levelname)s %(asctime) views 10860 13624 TEST API END!!!!!!!!!!!
%(levelname)s %(asctime) basehttp 10860 13624 "POST /todo/test HTTP/1.1" 200 0
%(levelname)s %(asctime) views 10860 13624 TEST API START!!!!
%(levelname)s %(asctime) views 10860 13624 user id = soungwon
%(levelname)s %(asctime) views 10860 13624 version = 11
%(levelname)s %(asctime) views 10860 13624 output_value1 = soungwon11
%(levelname)s %(asctime) views 10860 13624 TEST API END!!!!!!!!!!!
%(levelname)s %(asctime) basehttp 10860 13624 "POST /todo/test HTTP/1.1" 200 0
%(levelname)s %(asctime) autoreload 10860 7460 C:\Users\KIMSW\Desktop\project\DjangoWeb\DjangoWeb\settings.py changed, reloading.
(levelname)s (asctime) autoreload 7300 15444 Watching for file changes with StatReloader
(levelname)s (asctime) autoreload 17396 15656 Watching for file changes with StatReloader
(levelname)s (asctime) views 17396 5228 TEST API START!!!!
(levelname)s (asctime) views 17396 5228 user id = soungwon
(levelname)s (asctime) views 17396 5228 version = 11
(levelname)s (asctime) views 17396 5228 output_value1 = soungwon11
(levelname)s (asctime) views 17396 5228 TEST API END!!!!!!!!!!!
(levelname)s (asctime) basehttp 17396 5228 "POST /todo/test HTTP/1.1" 200 0
(levelname)s (asctime) views 17396 5228 TEST API START!!!!
(levelname)s (asctime) views 17396 5228 user id = soungwon
(levelname)s (asctime) views 17396 5228 version = 11
(levelname)s (asctime) views 17396 5228 output_value1 = soungwon11
(levelname)s (asctime) views 17396 5228 TEST API END!!!!!!!!!!!
(levelname)s (asctime) basehttp 17396 5228 "POST /todo/test HTTP/1.1" 200 0
INFO 2024-03-22 14:47:20,697 autoreload 3688 15760 Watching for file changes with StatReloader
INFO 2024-03-22 14:47:26,111 views 3688 17484 TEST API START!!!!
INFO 2024-03-22 14:47:26,111 views 3688 17484 user id = soungwon
INFO 2024-03-22 14:47:26,111 views 3688 17484 version = 11
INFO 2024-03-22 14:47:26,111 views 3688 17484 output_value1 = soungwon11
INFO 2024-03-22 14:47:26,111 views 3688 17484 TEST API END!!!!!!!!!!!
INFO 2024-03-22 14:47:26,112 basehttp 3688 17484 "POST /todo/test HTTP/1.1" 200 0
INFO 2024-03-22 14:47:26,497 views 3688 17484 TEST API START!!!!
INFO 2024-03-22 14:47:26,497 views 3688 17484 user id = soungwon
INFO 2024-03-22 14:47:26,497 views 3688 17484 version = 11
INFO 2024-03-22 14:47:26,497 views 3688 17484 output_value1 = soungwon11
INFO 2024-03-22 14:47:26,497 views 3688 17484 TEST API END!!!!!!!!!!!
INFO 2024-03-22 14:47:26,498 basehttp 3688 17484 "POST /todo/test HTTP/1.1" 200 0
INFO 2024-03-22 14:48:04,400 autoreload 3688 15760 C:\Users\KIMSW\Desktop\project\DjangoWeb\DjangoWeb\settings.py changed, reloading.
INFO 2024-03-22 14:48:04,889 C:\Users\KIMSW\Desktop\project\DjangoWeb\.venv\lib\site-packages\django\utils\autoreload.py 668 Watching for file changes with StatReloader
INFO 2024-03-22 14:48:08,044 C:\Users\KIMSW\Desktop\project\DjangoWeb\.venv\lib\site-packages\django\utils\autoreload.py 668 Watching for file changes with StatReloader
INFO 2024-03-22 14:48:13,627 C:\Users\KIMSW\Desktop\project\DjangoWeb\to_doit\views.py 13 TEST API START!!!!
INFO 2024-03-22 14:48:13,627 C:\Users\KIMSW\Desktop\project\DjangoWeb\to_doit\views.py 14 user id = soungwon
INFO 2024-03-22 14:48:13,627 C:\Users\KIMSW\Desktop\project\DjangoWeb\to_doit\views.py 15 version = 11
INFO 2024-03-22 14:48:13,627 C:\Users\KIMSW\Desktop\project\DjangoWeb\to_doit\views.py 19 output_value1 = soungwon11
INFO 2024-03-22 14:48:13,627 C:\Users\KIMSW\Desktop\project\DjangoWeb\to_doit\views.py 22 TEST API END!!!!!!!!!!!
INFO 2024-03-22 14:48:13,628 C:\Users\KIMSW\Desktop\project\DjangoWeb\.venv\lib\site-packages\django\core\servers\basehttp.py 212 "POST /todo/test HTTP/1.1" 200 0
INFO 2024-03-22 14:48:14,183 C:\Users\KIMSW\Desktop\project\DjangoWeb\to_doit\views.py 13 TEST API START!!!!
INFO 2024-03-22 14:48:14,184 C:\Users\KIMSW\Desktop\project\DjangoWeb\to_doit\views.py 14 user id = soungwon
INFO 2024-03-22 14:48:14,184 C:\Users\KIMSW\Desktop\project\DjangoWeb\to_doit\views.py 15 version = 11
INFO 2024-03-22 14:48:14,184 C:\Users\KIMSW\Desktop\project\DjangoWeb\to_doit\views.py 19 output_value1 = soungwon11
INFO 2024-03-22 14:48:14,184 C:\Users\KIMSW\Desktop\project\DjangoWeb\to_doit\views.py 22 TEST API END!!!!!!!!!!!
INFO 2024-03-22 14:48:14,184 C:\Users\KIMSW\Desktop\project\DjangoWeb\.venv\lib\site-packages\django\core\servers\basehttp.py 212 "POST /todo/test HTTP/1.1" 200 0
INFO 2024-03-22 15:45:03,792 C:\Users\KIMSW\Desktop\project\DjangoWeb\to_doit\views.py 13 TEST API START!!!!
INFO 2024-03-22 15:45:03,793 C:\Users\KIMSW\Desktop\project\DjangoWeb\to_doit\views.py 14 user id = soungwon
INFO 2024-03-22 15:45:03,793 C:\Users\KIMSW\Desktop\project\DjangoWeb\to_doit\views.py 15 version = 11
INFO 2024-03-22 15:45:03,793 C:\Users\KIMSW\Desktop\project\DjangoWeb\to_doit\views.py 19 output_value1 = soungwon11
INFO 2024-03-22 15:45:03,793 C:\Users\KIMSW\Desktop\project\DjangoWeb\to_doit\views.py 22 TEST API END!!!!!!!!!!!
INFO 2024-03-22 15:45:03,795 C:\Users\KIMSW\Desktop\project\DjangoWeb\.venv\lib\site-packages\django\core\servers\basehttp.py 212 "POST /todo/test HTTP/1.1" 200 0
INFO 2024-03-25 14:45:22,669 C:\Users\KIMSW\Desktop\project\DjangoWeb\.venv\lib\site-packages\django\utils\autoreload.py 668 Watching for file changes with StatReloader
INFO 2024-03-29 15:57:16,252 C:\Users\KIMSW\Desktop\project\DjangoWeb\.venv\lib\site-packages\django\utils\autoreload.py 668 Watching for file changes with StatReloader
